<?xml version="1.0" encoding="UTF-8"?>
<testsuite name="stirling.software.proprietary.security.CustomLogoutSuccessHandlerTest" tests="9" skipped="0" failures="0" errors="0" timestamp="2025-07-10T21:18:53.044Z" hostname="MacBook-Pro.local" time="0.718">
  <properties/>
  <testcase name="testOAuth2AutoCreateDisabled()" classname="stirling.software.proprietary.security.CustomLogoutSuccessHandlerTest" time="0.685"/>
  <testcase name="testOAuth2AdminBlockedUser()" classname="stirling.software.proprietary.security.CustomLogoutSuccessHandlerTest" time="0.005"/>
  <testcase name="testOAuth2BadCredentialsError()" classname="stirling.software.proprietary.security.CustomLogoutSuccessHandlerTest" time="0.004"/>
  <testcase name="testSuccessfulLogout()" classname="stirling.software.proprietary.security.CustomLogoutSuccessHandlerTest" time="0.003"/>
  <testcase name="testUserIsDisabledRedirect()" classname="stirling.software.proprietary.security.CustomLogoutSuccessHandlerTest" time="0.003"/>
  <testcase name="testOAuth2Error()" classname="stirling.software.proprietary.security.CustomLogoutSuccessHandlerTest" time="0.004"/>
  <testcase name="testUserAlreadyExistsWebRedirect()" classname="stirling.software.proprietary.security.CustomLogoutSuccessHandlerTest" time="0.003"/>
  <testcase name="testErrorOAuthRedirect()" classname="stirling.software.proprietary.security.CustomLogoutSuccessHandlerTest" time="0.003"/>
  <testcase name="testSuccessfulLogoutViaOAuth2()" classname="stirling.software.proprietary.security.CustomLogoutSuccessHandlerTest" time="0.003"/>
  <system-out><![CDATA[14:18:53.711 [Test worker] INFO stirling.software.proprietary.security.CustomLogoutSuccessHandler -- Redirecting to default logout URL: http://localhost:8080/login?errorOAuth=oAuth2AutoCreateDisabled
14:18:53.735 [Test worker] INFO stirling.software.proprietary.security.CustomLogoutSuccessHandler -- Redirecting to default logout URL: http://localhost:8080/login?errorOAuth=oAuth2AdminBlockedUser
14:18:53.741 [Test worker] INFO stirling.software.proprietary.security.CustomLogoutSuccessHandler -- Redirecting to default logout URL: http://localhost:8080/login?errorOAuth=badCredentials
14:18:53.748 [Test worker] INFO stirling.software.proprietary.security.CustomLogoutSuccessHandler -- Redirecting to default logout URL: http://localhost:8080/login?errorOAuth=userIsDisabled
14:18:53.752 [Test worker] INFO stirling.software.proprietary.security.CustomLogoutSuccessHandler -- Redirecting to default logout URL: http://localhost:8080/login?errorOAuth=test
14:18:53.756 [Test worker] INFO stirling.software.proprietary.security.CustomLogoutSuccessHandler -- Redirecting to default logout URL: http://localhost:8080/login?errorOAuth=userAlreadyExistsWeb
14:18:53.758 [Test worker] INFO stirling.software.proprietary.security.CustomLogoutSuccessHandler -- Redirecting to default logout URL: http://localhost:8080/login?errorOAuth=testError
14:18:53.762 [Test worker] INFO stirling.software.proprietary.security.CustomLogoutSuccessHandler -- Redirecting to default logout URL: http://localhost:8080/login?logout=true
]]></system-out>
  <system-err><![CDATA[]]></system-err>
</testsuite>
