<?xml version="1.0" encoding="UTF-8"?>
<testsuite name="stirling.software.proprietary.security.configuration.ee.LicenseKeyCheckerTest" tests="4" skipped="0" failures="0" errors="0" timestamp="2025-07-10T21:18:53.823Z" hostname="MacBook-Pro.local" time="0.216">
  <properties/>
  <testcase name="missingFile_resultsNormal(Path)" classname="stirling.software.proprietary.security.configuration.ee.LicenseKeyCheckerTest" time="0.208"/>
  <testcase name="fileKey_verified(Path)" classname="stirling.software.proprietary.security.configuration.ee.LicenseKeyCheckerTest" time="0.004"/>
  <testcase name="premiumDisabled_skipsVerification()" classname="stirling.software.proprietary.security.configuration.ee.LicenseKeyCheckerTest" time="0.001"/>
  <testcase name="directKey_verified()" classname="stirling.software.proprietary.security.configuration.ee.LicenseKeyCheckerTest" time="0.0"/>
  <system-out><![CDATA[14:18:54.026 [Test worker] ERROR stirling.software.proprietary.security.configuration.ee.LicenseKeyChecker -- License file does not exist: /var/folders/gb/1cfmwdw92j95zx7w1l0nkqq80000gp/T/junit-11893996121819214358/missing.txt
14:18:54.027 [Test worker] ERROR stirling.software.proprietary.security.configuration.ee.LicenseKeyChecker -- Failed to obtain license key content.
14:18:54.034 [Test worker] INFO stirling.software.proprietary.security.configuration.ee.LicenseKeyChecker -- Reading license from file: /var/folders/gb/1cfmwdw92j95zx7w1l0nkqq80000gp/T/junit-3042819215918916136/license.txt
14:18:54.035 [Test worker] INFO stirling.software.proprietary.security.configuration.ee.LicenseKeyChecker -- License key is Enterprise.
14:18:54.039 [Test worker] INFO stirling.software.proprietary.security.configuration.ee.LicenseKeyChecker -- License key is Pro.
]]></system-out>
  <system-err><![CDATA[]]></system-err>
</testsuite>
