<?xml version="1.0" encoding="UTF-8"?>
<testsuite name="stirling.software.proprietary.security.service.UserServiceTest" tests="12" skipped="0" failures="0" errors="0" timestamp="2025-07-10T21:18:54.529Z" hostname="MacBook-Pro.local" time="0.101">
  <properties/>
  <testcase name="testSaveUser_WithNullPassword_Success()" classname="stirling.software.proprietary.security.service.UserServiceTest" time="0.086"/>
  <testcase name="testSaveUser_WithReservedUsername_ThrowsException()" classname="stirling.software.proprietary.security.service.UserServiceTest" time="0.001"/>
  <testcase name="testSaveUser_WithFirstLoginFlag_Success()" classname="stirling.software.proprietary.security.service.UserServiceTest" time="0.002"/>
  <testcase name="testSaveUser_WithInvalidUsername_ThrowsException()" classname="stirling.software.proprietary.security.service.UserServiceTest" time="0.001"/>
  <testcase name="testSaveUser_WithUsernamePasswordAndTeamId_Success()" classname="stirling.software.proprietary.security.service.UserServiceTest" time="0.001"/>
  <testcase name="testSaveUser_WithCustomRole_Success()" classname="stirling.software.proprietary.security.service.UserServiceTest" time="0.001"/>
  <testcase name="testSaveUser_DatabaseExportThrowsException_StillSavesUser()" classname="stirling.software.proprietary.security.service.UserServiceTest" time="0.002"/>
  <testcase name="testSaveUser_WithTeamAndRole_Success()" classname="stirling.software.proprietary.security.service.UserServiceTest" time="0.001"/>
  <testcase name="testSaveUser_WithAnonymousUser_ThrowsException()" classname="stirling.software.proprietary.security.service.UserServiceTest" time="0.002"/>
  <testcase name="testSaveUser_WithValidEmail_Success()" classname="stirling.software.proprietary.security.service.UserServiceTest" time="0.001"/>
  <testcase name="testSaveUser_WithUsernameAndAuthenticationType_Success()" classname="stirling.software.proprietary.security.service.UserServiceTest" time="0.001"/>
  <testcase name="testSaveUser_WithEmptyPassword_Success()" classname="stirling.software.proprietary.security.service.UserServiceTest" time="0.001"/>
  <system-out><![CDATA[]]></system-out>
  <system-err><![CDATA[]]></system-err>
</testsuite>
