<?xml version="1.0" encoding="UTF-8"?>
<testsuite name="stirling.software.proprietary.security.service.TeamServiceTest" tests="4" skipped="0" failures="0" errors="0" timestamp="2025-07-10T21:18:54.489Z" hostname="MacBook-Pro.local" time="0.037">
  <properties/>
  <testcase name="getDefaultTeam()" classname="stirling.software.proprietary.security.service.TeamServiceTest" time="0.032"/>
  <testcase name="createDefaultTeam_whenRepositoryIsEmpty()" classname="stirling.software.proprietary.security.service.TeamServiceTest" time="0.002"/>
  <testcase name="createInternalTeam_whenRepositoryIsEmpty()" classname="stirling.software.proprietary.security.service.TeamServiceTest" time="0.001"/>
  <testcase name="getInternalTeam()" classname="stirling.software.proprietary.security.service.TeamServiceTest" time="0.001"/>
  <system-out><![CDATA[]]></system-out>
  <system-err><![CDATA[]]></system-err>
</testsuite>
