<?xml version="1.0" encoding="UTF-8"?>
<testsuite name="stirling.software.SPDF.service.PdfImageRemovalServiceTest" tests="3" skipped="0" failures="0" errors="0" timestamp="2025-07-10T21:18:59.323Z" hostname="MacBook-Pro.local" time="0.019">
  <properties/>
  <testcase name="testRemoveImagesFromPdf_MultiplePages()" classname="stirling.software.SPDF.service.PdfImageRemovalServiceTest" time="0.017"/>
  <testcase name="testRemoveImagesFromPdf_WithImages()" classname="stirling.software.SPDF.service.PdfImageRemovalServiceTest" time="0.001"/>
  <testcase name="testRemoveImagesFromPdf_NoImages()" classname="stirling.software.SPDF.service.PdfImageRemovalServiceTest" time="0.001"/>
  <system-out><![CDATA[]]></system-out>
  <system-err><![CDATA[]]></system-err>
</testsuite>
