<?xml version="1.0" encoding="UTF-8"?>
<testsuite name="stirling.software.SPDF.service.PdfMetadataServiceTest" tests="6" skipped="0" failures="0" errors="0" timestamp="2025-07-10T21:18:59.379Z" hostname="MacBook-Pro.local" time="0.007">
  <properties/>
  <testcase name="testSetMetadataToPdf_WithProFeatures()" classname="stirling.software.SPDF.service.PdfMetadataServiceTest" time="0.002"/>
  <testcase name="testSetMetadataToPdf_ExistingDocument()" classname="stirling.software.SPDF.service.PdfMetadataServiceTest" time="0.001"/>
  <testcase name="testSetMetadataToPdf_NullCreationDate()" classname="stirling.software.SPDF.service.PdfMetadataServiceTest" time="0.001"/>
  <testcase name="testSetMetadataToPdf_NewDocument()" classname="stirling.software.SPDF.service.PdfMetadataServiceTest" time="0.001"/>
  <testcase name="testExtractMetadataFromPdf()" classname="stirling.software.SPDF.service.PdfMetadataServiceTest" time="0.001"/>
  <testcase name="testSetDefaultMetadata()" classname="stirling.software.SPDF.service.PdfMetadataServiceTest" time="0.001"/>
  <system-out><![CDATA[]]></system-out>
  <system-err><![CDATA[]]></system-err>
</testsuite>
