<?xml version="1.0" encoding="UTF-8"?>
<testsuite name="stirling.software.SPDF.service.CertificateValidationServiceTest" tests="6" skipped="0" failures="0" errors="0" timestamp="2025-07-10T21:18:59.264Z" hostname="MacBook-Pro.local" time="0.031">
  <properties/>
  <testcase name="testIsRevoked_ValidCertificate()" classname="stirling.software.SPDF.service.CertificateValidationServiceTest" time="0.016"/>
  <testcase name="testValidateCertificateChainWithCustomCert_Success()" classname="stirling.software.SPDF.service.CertificateValidationServiceTest" time="0.01"/>
  <testcase name="testValidateTrustWithCustomCert_Match()" classname="stirling.software.SPDF.service.CertificateValidationServiceTest" time="0.003"/>
  <testcase name="testValidateTrustWithCustomCert_NoMatch()" classname="stirling.software.SPDF.service.CertificateValidationServiceTest" time="0.001"/>
  <testcase name="testValidateCertificateChainWithCustomCert_Failure()" classname="stirling.software.SPDF.service.CertificateValidationServiceTest" time="0.001"/>
  <testcase name="testIsRevoked_ExpiredCertificate()" classname="stirling.software.SPDF.service.CertificateValidationServiceTest" time="0.0"/>
  <system-out><![CDATA[]]></system-out>
  <system-err><![CDATA[]]></system-err>
</testsuite>
