<?xml version="1.0" encoding="UTF-8"?>
<testsuite name="stirling.software.SPDF.controller.api.RotationControllerTest" tests="2" skipped="0" failures="0" errors="0" timestamp="2025-07-10T21:18:59.020Z" hostname="MacBook-Pro.local" time="0.002">
  <properties/>
  <testcase name="testRotatePDFInvalidAngle()" classname="stirling.software.SPDF.controller.api.RotationControllerTest" time="0.0"/>
  <testcase name="testRotatePDF()" classname="stirling.software.SPDF.controller.api.RotationControllerTest" time="0.002"/>
  <system-out><![CDATA[]]></system-out>
  <system-err><![CDATA[]]></system-err>
</testsuite>
