<?xml version="1.0" encoding="UTF-8"?>
<testsuite name="stirling.software.SPDF.service.PdfMetadataServiceBasicTest" tests="2" skipped="0" failures="0" errors="0" timestamp="2025-07-10T21:18:59.342Z" hostname="MacBook-Pro.local" time="0.037">
  <properties/>
  <testcase name="testExtractMetadataFromPdf()" classname="stirling.software.SPDF.service.PdfMetadataServiceBasicTest" time="0.035"/>
  <testcase name="testSetDefaultMetadata()" classname="stirling.software.SPDF.service.PdfMetadataServiceBasicTest" time="0.002"/>
  <system-out><![CDATA[]]></system-out>
  <system-err><![CDATA[]]></system-err>
</testsuite>
