<?xml version="1.0" encoding="UTF-8"?>
<testsuite name="stirling.software.SPDF.service.LanguageServiceBasicTest" tests="3" skipped="0" failures="0" errors="0" timestamp="2025-07-10T21:18:59.295Z" hostname="MacBook-Pro.local" time="0.024">
  <properties/>
  <testcase name="testGetSupportedLanguages_FilteringInvalidFiles()" classname="stirling.software.SPDF.service.LanguageServiceBasicTest" time="0.022"/>
  <testcase name="testGetSupportedLanguages_WithRestrictions()" classname="stirling.software.SPDF.service.LanguageServiceBasicTest" time="0.0"/>
  <testcase name="testGetSupportedLanguages_BasicFunctionality()" classname="stirling.software.SPDF.service.LanguageServiceBasicTest" time="0.001"/>
  <system-out><![CDATA[]]></system-out>
  <system-err><![CDATA[]]></system-err>
</testsuite>
