<?xml version="1.0" encoding="UTF-8"?>
<testsuite name="stirling.software.SPDF.service.SignatureServiceTest" tests="11" skipped="0" failures="0" errors="0" timestamp="2025-07-10T21:18:59.388Z" hostname="MacBook-Pro.local" time="0.029">
  <properties/>
  <testcase name="testHasAccessToFile_FileDoesNotExist()" classname="stirling.software.SPDF.service.SignatureServiceTest" time="0.015"/>
  <testcase name="testGetSignatureBytes_PersonalFile()" classname="stirling.software.SPDF.service.SignatureServiceTest" time="0.001"/>
  <testcase name="testGetAvailableSignatures()" classname="stirling.software.SPDF.service.SignatureServiceTest" time="0.002"/>
  <testcase name="testHasAccessToFile_PersonalFileExists()" classname="stirling.software.SPDF.service.SignatureServiceTest" time="0.001"/>
  <testcase name="testGetSignatureBytes_SharedFile()" classname="stirling.software.SPDF.service.SignatureServiceTest" time="0.001"/>
  <testcase name="testGetSignatureBytes_InvalidFileName()" classname="stirling.software.SPDF.service.SignatureServiceTest" time="0.002"/>
  <testcase name="testGetSignatureBytes_FileNotFound()" classname="stirling.software.SPDF.service.SignatureServiceTest" time="0.001"/>
  <testcase name="testHasAccessToFile_SharedFileExists()" classname="stirling.software.SPDF.service.SignatureServiceTest" time="0.001"/>
  <testcase name="testGetAvailableSignatures_NonExistentUser()" classname="stirling.software.SPDF.service.SignatureServiceTest" time="0.001"/>
  <testcase name="testGetAvailableSignatures_EmptyUsername()" classname="stirling.software.SPDF.service.SignatureServiceTest" time="0.002"/>
  <testcase name="testHasAccessToFile_InvalidFileName()" classname="stirling.software.SPDF.service.SignatureServiceTest" time="0.001"/>
  <system-out><![CDATA[]]></system-out>
  <system-err><![CDATA[]]></system-err>
</testsuite>
