<?xml version="1.0" encoding="UTF-8"?>
<testsuite name="stirling.software.common.util.misc.PdfTextStripperCustomTest" tests="2" skipped="0" failures="0" errors="0" timestamp="2025-07-10T21:18:56.237Z" hostname="MacBook-Pro.local" time="0.016">
  <properties/>
  <testcase name="testBasicFunctionality()" classname="stirling.software.common.util.misc.PdfTextStripperCustomTest" time="0.016"/>
  <testcase name="testConstructor()" classname="stirling.software.common.util.misc.PdfTextStripperCustomTest" time="0.0"/>
  <system-out><![CDATA[]]></system-out>
  <system-err><![CDATA[]]></system-err>
</testsuite>
