<?xml version="1.0" encoding="UTF-8"?>
<testsuite name="stirling.software.common.util.WebResponseUtilsTest" tests="4" skipped="0" failures="0" errors="0" timestamp="2025-07-10T21:18:54.474Z" hostname="MacBook-Pro.local" time="0.004">
  <properties/>
  <testcase name="testBoasToWebResponse()" classname="stirling.software.common.util.WebResponseUtilsTest" time="0.003"/>
  <testcase name="testPdfDocToWebResponse()" classname="stirling.software.common.util.WebResponseUtilsTest" time="0.001"/>
  <testcase name="testMultiPartFileToWebResponse()" classname="stirling.software.common.util.WebResponseUtilsTest" time="0.0"/>
  <testcase name="testBytesToWebResponse()" classname="stirling.software.common.util.WebResponseUtilsTest" time="0.0"/>
  <system-out><![CDATA[]]></system-out>
  <system-err><![CDATA[]]></system-err>
</testsuite>
