<?xml version="1.0" encoding="UTF-8"?>
<testsuite name="stirling.software.common.util.GeneralUtilsAdditionalTest" tests="3" skipped="0" failures="0" errors="0" timestamp="2025-07-10T21:18:53.366Z" hostname="MacBook-Pro.local" time="0.008">
  <properties/>
  <testcase name="testURLHelpersAndUUID()" classname="stirling.software.common.util.GeneralUtilsAdditionalTest" time="0.007"/>
  <testcase name="testConvertSizeToBytes()" classname="stirling.software.common.util.GeneralUtilsAdditionalTest" time="0.001"/>
  <testcase name="testFormatBytes()" classname="stirling.software.common.util.GeneralUtilsAdditionalTest" time="0.0"/>
  <system-out><![CDATA[]]></system-out>
  <system-err><![CDATA[]]></system-err>
</testsuite>
