<?xml version="1.0" encoding="UTF-8"?>
<testsuite name="Error Handling &amp; Edge Cases" tests="4" skipped="0" failures="0" errors="0" timestamp="2025-07-10T21:18:53.285Z" hostname="MacBook-Pro.local" time="0.003">
  <properties/>
  <testcase name="Should reject invalid EML format" classname="stirling.software.common.util.EmlToPdfTest$ErrorHandlingTests" time="0.001"/>
  <testcase name="Should reject null input" classname="stirling.software.common.util.EmlToPdfTest$ErrorHandlingTests" time="0.0"/>
  <testcase name="Should handle malformed EML gracefully" classname="stirling.software.common.util.EmlToPdfTest$ErrorHandlingTests" time="0.001"/>
  <testcase name="Should reject empty input" classname="stirling.software.common.util.EmlToPdfTest$ErrorHandlingTests" time="0.0"/>
  <system-out><![CDATA[]]></system-out>
  <system-err><![CDATA[]]></system-err>
</testsuite>
