<?xml version="1.0" encoding="UTF-8"?>
<testsuite name="stirling.software.common.service.CustomPDFDocumentFactoryTest" tests="23" skipped="0" failures="0" errors="0" timestamp="2025-07-10T21:18:50.194Z" hostname="MacBook-Pro.local" time="2.561">
  <properties/>
  <testcase name="[1] sizeMB=5, expected=MEMORY_ONLY" classname="stirling.software.common.service.CustomPDFDocumentFactoryTest" time="0.144"/>
  <testcase name="[2] sizeMB=20, expected=MIXED" classname="stirling.software.common.service.CustomPDFDocumentFactoryTest" time="0.134"/>
  <testcase name="[3] sizeMB=60, expected=TEMP_FILE" classname="stirling.software.common.service.CustomPDFDocumentFactoryTest" time="0.295"/>
  <testcase name="[1] sizeMB=5, expected=MEMORY_ONLY" classname="stirling.software.common.service.CustomPDFDocumentFactoryTest" time="0.035"/>
  <testcase name="[2] sizeMB=20, expected=MIXED" classname="stirling.software.common.service.CustomPDFDocumentFactoryTest" time="0.088"/>
  <testcase name="[3] sizeMB=60, expected=TEMP_FILE" classname="stirling.software.common.service.CustomPDFDocumentFactoryTest" time="0.326"/>
  <testcase name="testCreateNewBytesBasedOnOldDocument()" classname="stirling.software.common.service.CustomPDFDocumentFactoryTest" time="0.009"/>
  <testcase name="testLoadReadOnlySkipsPostProcessing()" classname="stirling.software.common.service.CustomPDFDocumentFactoryTest" time="0.025"/>
  <testcase name="testCreateNewDocumentBasedOnOldDocument()" classname="stirling.software.common.service.CustomPDFDocumentFactoryTest" time="0.029"/>
  <testcase name="testLoadFromStringPath()" classname="stirling.software.common.service.CustomPDFDocumentFactoryTest" time="0.033"/>
  <testcase name="[1] sizeMB=5, expected=MEMORY_ONLY" classname="stirling.software.common.service.CustomPDFDocumentFactoryTest" time="0.035"/>
  <testcase name="[2] sizeMB=20, expected=MIXED" classname="stirling.software.common.service.CustomPDFDocumentFactoryTest" time="0.103"/>
  <testcase name="[3] sizeMB=60, expected=TEMP_FILE" classname="stirling.software.common.service.CustomPDFDocumentFactoryTest" time="0.301"/>
  <testcase name="testLoadToBytesRoundTrip()" classname="stirling.software.common.service.CustomPDFDocumentFactoryTest" time="0.034"/>
  <testcase name="[1] sizeMB=5, expected=MEMORY_ONLY" classname="stirling.software.common.service.CustomPDFDocumentFactoryTest" time="0.032"/>
  <testcase name="[2] sizeMB=20, expected=MIXED" classname="stirling.software.common.service.CustomPDFDocumentFactoryTest" time="0.102"/>
  <testcase name="[3] sizeMB=60, expected=TEMP_FILE" classname="stirling.software.common.service.CustomPDFDocumentFactoryTest" time="0.313"/>
  <testcase name="testCreateNewDocument()" classname="stirling.software.common.service.CustomPDFDocumentFactoryTest" time="0.009"/>
  <testcase name="testLoadFromPath()" classname="stirling.software.common.service.CustomPDFDocumentFactoryTest" time="0.035"/>
  <testcase name="[1] sizeMB=5, expected=MEMORY_ONLY" classname="stirling.software.common.service.CustomPDFDocumentFactoryTest" time="0.033"/>
  <testcase name="[2] sizeMB=20, expected=MIXED" classname="stirling.software.common.service.CustomPDFDocumentFactoryTest" time="0.101"/>
  <testcase name="[3] sizeMB=60, expected=TEMP_FILE" classname="stirling.software.common.service.CustomPDFDocumentFactoryTest" time="0.32"/>
  <testcase name="testSaveToBytesAndReload()" classname="stirling.software.common.service.CustomPDFDocumentFactoryTest" time="0.009"/>
  <system-out><![CDATA[14:18:50.473 [Test worker] INFO org.apache.pdfbox.examples.util.DeletingRandomAccessFile -- Successfully deleted temp file: /var/folders/gb/1cfmwdw92j95zx7w1l0nkqq80000gp/T/pdf-bytes-1-2795073951789997073.tmp
14:18:50.768 [Test worker] INFO org.apache.pdfbox.examples.util.DeletingRandomAccessFile -- Successfully deleted temp file: /var/folders/gb/1cfmwdw92j95zx7w1l0nkqq80000gp/T/pdf-bytes-2-13171704792305837025.tmp
14:18:50.894 [Test worker] INFO org.apache.pdfbox.examples.util.DeletingRandomAccessFile -- Successfully deleted temp file: /var/folders/gb/1cfmwdw92j95zx7w1l0nkqq80000gp/T/pdf-test-1058292486523672860.pdf
14:18:51.221 [Test worker] INFO org.apache.pdfbox.examples.util.DeletingRandomAccessFile -- Successfully deleted temp file: /var/folders/gb/1cfmwdw92j95zx7w1l0nkqq80000gp/T/pdf-test-7104654519593359122.pdf
14:18:51.458 [Test worker] INFO org.apache.pdfbox.examples.util.DeletingRandomAccessFile -- Successfully deleted temp file: /var/folders/gb/1cfmwdw92j95zx7w1l0nkqq80000gp/T/pdf-stream-4-7118959570361087265.tmp
14:18:51.759 [Test worker] INFO org.apache.pdfbox.examples.util.DeletingRandomAccessFile -- Successfully deleted temp file: /var/folders/gb/1cfmwdw92j95zx7w1l0nkqq80000gp/T/pdf-stream-5-2610007337738813844.tmp
14:18:51.930 [Test worker] INFO org.apache.pdfbox.examples.util.DeletingRandomAccessFile -- Successfully deleted temp file: /var/folders/gb/1cfmwdw92j95zx7w1l0nkqq80000gp/T/pdf-stream-7-1234894752339344446.tmp
14:18:52.243 [Test worker] INFO org.apache.pdfbox.examples.util.DeletingRandomAccessFile -- Successfully deleted temp file: /var/folders/gb/1cfmwdw92j95zx7w1l0nkqq80000gp/T/pdf-stream-8-1763139093258726694.tmp
14:18:52.425 [Test worker] INFO org.apache.pdfbox.examples.util.DeletingRandomAccessFile -- Successfully deleted temp file: /var/folders/gb/1cfmwdw92j95zx7w1l0nkqq80000gp/T/pdf-stream-10-15277035498602939785.tmp
14:18:52.745 [Test worker] INFO org.apache.pdfbox.examples.util.DeletingRandomAccessFile -- Successfully deleted temp file: /var/folders/gb/1cfmwdw92j95zx7w1l0nkqq80000gp/T/pdf-stream-11-2977861171095933755.tmp
]]></system-out>
  <system-err><![CDATA[]]></system-err>
</testsuite>
