<?xml version="1.0" encoding="UTF-8"?>
<testsuite name="stirling.software.common.util.misc.HighContrastColorReplaceDeciderTest" tests="6" skipped="0" failures="0" errors="0" timestamp="2025-07-10T21:18:55.690Z" hostname="MacBook-Pro.local" time="0.0">
  <properties/>
  <testcase name="testGetColors_WhiteTextOnBlack()" classname="stirling.software.common.util.misc.HighContrastColorReplaceDeciderTest" time="0.0"/>
  <testcase name="testGetColors_YellowTextOnBlack()" classname="stirling.software.common.util.misc.HighContrastColorReplaceDeciderTest" time="0.0"/>
  <testcase name="testGetColors_GreenTextOnBlack()" classname="stirling.software.common.util.misc.HighContrastColorReplaceDeciderTest" time="0.0"/>
  <testcase name="testGetColors_BlackTextOnWhite()" classname="stirling.software.common.util.misc.HighContrastColorReplaceDeciderTest" time="0.0"/>
  <testcase name="testGetColors_ReplaceAndInvertParameterIsIgnored()" classname="stirling.software.common.util.misc.HighContrastColorReplaceDeciderTest" time="0.0"/>
  <testcase name="testGetColors_NullForInvalidCombination()" classname="stirling.software.common.util.misc.HighContrastColorReplaceDeciderTest" time="0.0"/>
  <system-out><![CDATA[]]></system-out>
  <system-err><![CDATA[]]></system-err>
</testsuite>
