<?xml version="1.0" encoding="UTF-8"?>
<testsuite name="stirling.software.common.util.CheckProgramInstallTest" tests="6" skipped="0" failures="0" errors="0" timestamp="2025-07-10T21:18:53.078Z" hostname="MacBook-Pro.local" time="0.026">
  <properties/>
  <testcase name="testGetAvailablePythonCommand_CachesResult()" classname="stirling.software.common.util.CheckProgramInstallTest" time="0.023"/>
  <testcase name="testGetAvailablePythonCommand_WhenPython3IsNotAvailableButPythonIs()" classname="stirling.software.common.util.CheckProgramInstallTest" time="0.001"/>
  <testcase name="testIsPythonAvailable_DirectCall()" classname="stirling.software.common.util.CheckProgramInstallTest" time="0.0"/>
  <testcase name="testGetAvailablePythonCommand_WhenPythonReturnsNonZeroExitCode()" classname="stirling.software.common.util.CheckProgramInstallTest" time="0.001"/>
  <testcase name="testGetAvailablePythonCommand_WhenPython3IsAvailable()" classname="stirling.software.common.util.CheckProgramInstallTest" time="0.001"/>
  <testcase name="testGetAvailablePythonCommand_WhenNoPythonIsAvailable()" classname="stirling.software.common.util.CheckProgramInstallTest" time="0.0"/>
  <system-out><![CDATA[]]></system-out>
  <system-err><![CDATA[]]></system-err>
</testsuite>
