<?xml version="1.0" encoding="UTF-8"?>
<testsuite name="stirling.software.common.util.RequestUriUtilsTest" tests="43" skipped="0" failures="0" errors="0" timestamp="2025-07-10T21:18:54.383Z" hostname="MacBook-Pro.local" time="0.01">
  <properties/>
  <testcase name="testIsTrackableResourceWithContextPath()" classname="stirling.software.common.util.RequestUriUtilsTest" time="0.0"/>
  <testcase name="testIsTrackableResource()" classname="stirling.software.common.util.RequestUriUtilsTest" time="0.0"/>
  <testcase name="[1] path=/" classname="stirling.software.common.util.RequestUriUtilsTest" time="0.0"/>
  <testcase name="[2] path=/home" classname="stirling.software.common.util.RequestUriUtilsTest" time="0.0"/>
  <testcase name="[3] path=/login" classname="stirling.software.common.util.RequestUriUtilsTest" time="0.0"/>
  <testcase name="[4] path=/register" classname="stirling.software.common.util.RequestUriUtilsTest" time="0.0"/>
  <testcase name="[5] path=/pdf/merge" classname="stirling.software.common.util.RequestUriUtilsTest" time="0.0"/>
  <testcase name="[6] path=/pdf/split" classname="stirling.software.common.util.RequestUriUtilsTest" time="0.0"/>
  <testcase name="[7] path=/api/v1/users/1" classname="stirling.software.common.util.RequestUriUtilsTest" time="0.0"/>
  <testcase name="[8] path=/api/v1/documents/process" classname="stirling.software.common.util.RequestUriUtilsTest" time="0.0"/>
  <testcase name="[9] path=/settings" classname="stirling.software.common.util.RequestUriUtilsTest" time="0.0"/>
  <testcase name="[10] path=/account/profile" classname="stirling.software.common.util.RequestUriUtilsTest" time="0.0"/>
  <testcase name="[11] path=/dashboard" classname="stirling.software.common.util.RequestUriUtilsTest" time="0.0"/>
  <testcase name="[12] path=/help" classname="stirling.software.common.util.RequestUriUtilsTest" time="0.0"/>
  <testcase name="[13] path=/about" classname="stirling.software.common.util.RequestUriUtilsTest" time="0.0"/>
  <testcase name="testIsStaticResource()" classname="stirling.software.common.util.RequestUriUtilsTest" time="0.0"/>
  <testcase name="[1] path=/js/util.js" classname="stirling.software.common.util.RequestUriUtilsTest" time="0.0"/>
  <testcase name="[2] path=/v1/api-docs/swagger.json" classname="stirling.software.common.util.RequestUriUtilsTest" time="0.001"/>
  <testcase name="[3] path=/robots.txt" classname="stirling.software.common.util.RequestUriUtilsTest" time="0.0"/>
  <testcase name="[4] path=/images/header/logo.png" classname="stirling.software.common.util.RequestUriUtilsTest" time="0.0"/>
  <testcase name="[5] path=/styles/theme.css" classname="stirling.software.common.util.RequestUriUtilsTest" time="0.0"/>
  <testcase name="[6] path=/build/app.js.map" classname="stirling.software.common.util.RequestUriUtilsTest" time="0.0"/>
  <testcase name="[7] path=/assets/icon.svg" classname="stirling.software.common.util.RequestUriUtilsTest" time="0.0"/>
  <testcase name="[8] path=/data/popularity.txt" classname="stirling.software.common.util.RequestUriUtilsTest" time="0.0"/>
  <testcase name="[9] path=/bundle.js" classname="stirling.software.common.util.RequestUriUtilsTest" time="0.0"/>
  <testcase name="[10] path=/api/swagger-ui.html" classname="stirling.software.common.util.RequestUriUtilsTest" time="0.0"/>
  <testcase name="[11] path=/api/v1/info/health" classname="stirling.software.common.util.RequestUriUtilsTest" time="0.0"/>
  <testcase name="[12] path=/site.webmanifest" classname="stirling.software.common.util.RequestUriUtilsTest" time="0.0"/>
  <testcase name="[13] path=/fonts/roboto.woff" classname="stirling.software.common.util.RequestUriUtilsTest" time="0.001"/>
  <testcase name="[14] path=/pdfjs/viewer.js" classname="stirling.software.common.util.RequestUriUtilsTest" time="0.0"/>
  <testcase name="testComplexPaths()" classname="stirling.software.common.util.RequestUriUtilsTest" time="0.0"/>
  <testcase name="testEdgeCases()" classname="stirling.software.common.util.RequestUriUtilsTest" time="0.0"/>
  <testcase name="[1] path=robots.txt" classname="stirling.software.common.util.RequestUriUtilsTest" time="0.0"/>
  <testcase name="[2] path=/favicon.ico" classname="stirling.software.common.util.RequestUriUtilsTest" time="0.0"/>
  <testcase name="[3] path=/icon.svg" classname="stirling.software.common.util.RequestUriUtilsTest" time="0.0"/>
  <testcase name="[4] path=/image.png" classname="stirling.software.common.util.RequestUriUtilsTest" time="0.0"/>
  <testcase name="[5] path=/site.webmanifest" classname="stirling.software.common.util.RequestUriUtilsTest" time="0.0"/>
  <testcase name="[6] path=/app/logo.svg" classname="stirling.software.common.util.RequestUriUtilsTest" time="0.0"/>
  <testcase name="[7] path=/downloads/document.png" classname="stirling.software.common.util.RequestUriUtilsTest" time="0.0"/>
  <testcase name="[8] path=/assets/brand.ico" classname="stirling.software.common.util.RequestUriUtilsTest" time="0.0"/>
  <testcase name="[9] path=/any/path/with/image.svg" classname="stirling.software.common.util.RequestUriUtilsTest" time="0.0"/>
  <testcase name="[10] path=/deep/nested/folder/icon.png" classname="stirling.software.common.util.RequestUriUtilsTest" time="0.0"/>
  <testcase name="testIsStaticResourceWithContextPath()" classname="stirling.software.common.util.RequestUriUtilsTest" time="0.0"/>
  <system-out><![CDATA[]]></system-out>
  <system-err><![CDATA[]]></system-err>
</testsuite>
