<?xml version="1.0" encoding="UTF-8"?>
<testsuite name="Email Encoding Support" tests="4" skipped="0" failures="0" errors="0" timestamp="2025-07-10T21:18:53.295Z" hostname="MacBook-Pro.local" time="0.006">
  <properties/>
  <testcase name="Should decode quoted-printable content correctly" classname="stirling.software.common.util.EmlToPdfTest$EncodingTests" time="0.001"/>
  <testcase name="Should decode Base64 content" classname="stirling.software.common.util.EmlToPdfTest$EncodingTests" time="0.001"/>
  <testcase name="Should correctly handle inline images with CID references" classname="stirling.software.common.util.EmlToPdfTest$EncodingTests" time="0.001"/>
  <testcase name="Should handle international characters and UTF-8" classname="stirling.software.common.util.EmlToPdfTest$EncodingTests" time="0.001"/>
  <system-out><![CDATA[]]></system-out>
  <system-err><![CDATA[]]></system-err>
</testsuite>
