<?xml version="1.0" encoding="UTF-8"?>
<testsuite name="stirling.software.common.util.ProviderUtilsTest" tests="4" skipped="0" failures="0" errors="0" timestamp="2025-07-10T21:18:54.364Z" hostname="MacBook-Pro.local" time="0.018">
  <properties/>
  <testcase name="testSuccessfulValidation()" classname="stirling.software.common.util.ProviderUtilsTest" time="0.015"/>
  <testcase name="[1] provider=null" classname="stirling.software.common.util.ProviderUtilsTest" time="0.0"/>
  <testcase name="[2] provider=Google [clientId=null, clientSecret=*****, scopes=[scope], useAsUsername=EMAIL]" classname="stirling.software.common.util.ProviderUtilsTest" time="0.001"/>
  <testcase name="[3] provider=GitHub [clientId=clientId, clientSecret=NULL, scopes=[scope], useAsUsername=LOGIN]" classname="stirling.software.common.util.ProviderUtilsTest" time="0.0"/>
  <system-out><![CDATA[]]></system-out>
  <system-err><![CDATA[]]></system-err>
</testsuite>
