<?xml version="1.0" encoding="UTF-8"?>
<testsuite name="stirling.software.common.util.propertyeditor.StringToMapPropertyEditorTest" tests="6" skipped="0" failures="0" errors="0" timestamp="2025-07-10T21:18:56.326Z" hostname="MacBook-Pro.local" time="0.003">
  <properties/>
  <testcase name="testSetAsText_Null()" classname="stirling.software.common.util.propertyeditor.StringToMapPropertyEditorTest" time="0.001"/>
  <testcase name="testSetAsText_EmptyJson()" classname="stirling.software.common.util.propertyeditor.StringToMapPropertyEditorTest" time="0.001"/>
  <testcase name="testSetAsText_InvalidJson()" classname="stirling.software.common.util.propertyeditor.StringToMapPropertyEditorTest" time="0.001"/>
  <testcase name="testSetAsText_ValidJson()" classname="stirling.software.common.util.propertyeditor.StringToMapPropertyEditorTest" time="0.0"/>
  <testcase name="testSetAsText_NestedJson()" classname="stirling.software.common.util.propertyeditor.StringToMapPropertyEditorTest" time="0.0"/>
  <testcase name="testSetAsText_WhitespaceJson()" classname="stirling.software.common.util.propertyeditor.StringToMapPropertyEditorTest" time="0.0"/>
  <system-out><![CDATA[]]></system-out>
  <system-err><![CDATA[]]></system-err>
</testsuite>
