<?xml version="1.0" encoding="UTF-8"?>
<testsuite name="stirling.software.common.util.CustomHtmlSanitizerTest" tests="18" skipped="0" failures="0" errors="0" timestamp="2025-07-10T21:18:53.105Z" hostname="MacBook-Pro.local" time="0.024">
  <properties/>
  <testcase name="testSanitizeAllowsLinks()" classname="stirling.software.common.util.CustomHtmlSanitizerTest" time="0.012"/>
  <testcase name="testSanitizeDisallowsJavaScriptLinks()" classname="stirling.software.common.util.CustomHtmlSanitizerTest" time="0.0"/>
  <testcase name="testSanitizeRemovesJavaScriptInAttributes()" classname="stirling.software.common.util.CustomHtmlSanitizerTest" time="0.001"/>
  <testcase name="testSanitizeAllowsImages()" classname="stirling.software.common.util.CustomHtmlSanitizerTest" time="0.0"/>
  <testcase name="testSanitizeAllowsStyles()" classname="stirling.software.common.util.CustomHtmlSanitizerTest" time="0.002"/>
  <testcase name="testSanitizeAllowsTables()" classname="stirling.software.common.util.CustomHtmlSanitizerTest" time="0.0"/>
  <testcase name="testSanitizeDisallowsDataUrlImages()" classname="stirling.software.common.util.CustomHtmlSanitizerTest" time="0.0"/>
  <testcase name="testSanitizeRemovesMetaAndBaseAndLink()" classname="stirling.software.common.util.CustomHtmlSanitizerTest" time="0.0"/>
  <testcase name="testSanitizeHandlesEmpty()" classname="stirling.software.common.util.CustomHtmlSanitizerTest" time="0.001"/>
  <testcase name="testSanitizeHandlesComplexHtml()" classname="stirling.software.common.util.CustomHtmlSanitizerTest" time="0.0"/>
  <testcase name="testSanitizeRemovesIframes()" classname="stirling.software.common.util.CustomHtmlSanitizerTest" time="0.0"/>
  <testcase name="testSanitizeRemovesScriptTags()" classname="stirling.software.common.util.CustomHtmlSanitizerTest" time="0.0"/>
  <testcase name="testSanitizeRemovesObjectAndEmbed()" classname="stirling.software.common.util.CustomHtmlSanitizerTest" time="0.0"/>
  <testcase name="testSanitizeHandlesNull()" classname="stirling.software.common.util.CustomHtmlSanitizerTest" time="0.001"/>
  <testcase name="testSanitizeRemovesNoScriptTags()" classname="stirling.software.common.util.CustomHtmlSanitizerTest" time="0.0"/>
  <testcase name="[1] inputHtml=&lt;p&gt;This is &lt;strong&gt;valid&lt;/strong&gt; HTML with &lt;em&gt;formatting&lt;/em&gt;.&lt;/p&gt;, expectedContainedTags=[&lt;p&gt;, &lt;strong&gt;, &lt;em&gt;]" classname="stirling.software.common.util.CustomHtmlSanitizerTest" time="0.0"/>
  <testcase name="[2] inputHtml=&lt;p&gt;Text with &lt;b&gt;bold&lt;/b&gt;, &lt;i&gt;italic&lt;/i&gt;, &lt;u&gt;underline&lt;/u&gt;, &lt;em&gt;emphasis&lt;/em&gt;, &lt;strong&gt;strong&lt;/strong&gt;, &lt;strike&gt;strikethrough&lt;/strike&gt;, &lt;s&gt;strike&lt;/s&gt;, &lt;sub&gt;subscript&lt;/sub&gt;, &lt;sup&gt;superscript&lt;/sup&gt;, &lt;tt&gt;teletype&lt;/tt&gt;, &lt;code&gt;code&lt;/code&gt;, &lt;big&gt;big&lt;/big&gt;, &lt;small&gt;small&lt;/small&gt;.&lt;/p&gt;, expectedContainedTags=[&lt;b&gt;bold&lt;/b&gt;, &lt;i&gt;italic&lt;/i&gt;, &lt;em&gt;emphasis&lt;/em&gt;, &lt;strong&gt;strong&lt;/strong&gt;]" classname="stirling.software.common.util.CustomHtmlSanitizerTest" time="0.0"/>
  <testcase name="[3] inputHtml=&lt;div&gt;Division&lt;/div&gt;&lt;h1&gt;Heading 1&lt;/h1&gt;&lt;h2&gt;Heading 2&lt;/h2&gt;&lt;h3&gt;Heading 3&lt;/h3&gt;&lt;h4&gt;Heading 4&lt;/h4&gt;&lt;h5&gt;Heading 5&lt;/h5&gt;&lt;h6&gt;Heading 6&lt;/h6&gt;&lt;blockquote&gt;Blockquote&lt;/blockquote&gt;&lt;ul&gt;&lt;li&gt;List item&lt;/li&gt;&lt;/ul&gt;&lt;ol&gt;&lt;li&gt;Ordered item&lt;/li&gt;&lt;/ol&gt;, expectedContainedTags=[&lt;div&gt;, &lt;h1&gt;, &lt;h6&gt;, &lt;blockquote&gt;, &lt;ul&gt;, &lt;ol&gt;, &lt;li&gt;]" classname="stirling.software.common.util.CustomHtmlSanitizerTest" time="0.001"/>
  <system-out><![CDATA[]]></system-out>
  <system-err><![CDATA[]]></system-err>
</testsuite>
