<?xml version="1.0" encoding="UTF-8"?>
<testsuite name="Core EML Parsing" tests="4" skipped="0" failures="0" errors="0" timestamp="2025-07-10T21:18:53.302Z" hostname="MacBook-Pro.local" time="0.005">
  <properties/>
  <testcase name="Should parse email with missing Subject and To headers" classname="stirling.software.common.util.EmlToPdfTest$CoreParsingTests" time="0.001"/>
  <testcase name="Should parse HTML email with styling" classname="stirling.software.common.util.EmlToPdfTest$CoreParsingTests" time="0.001"/>
  <testcase name="Should parse multipart email with attachments" classname="stirling.software.common.util.EmlToPdfTest$CoreParsingTests" time="0.002"/>
  <testcase name="Should parse simple text email correctly" classname="stirling.software.common.util.EmlToPdfTest$CoreParsingTests" time="0.001"/>
  <system-out><![CDATA[]]></system-out>
  <system-err><![CDATA[]]></system-err>
</testsuite>
