<?xml version="1.0" encoding="UTF-8"?>
<testsuite name="stirling.software.common.util.UrlUtilsTest" tests="11" skipped="0" failures="0" errors="0" timestamp="2025-07-10T21:18:54.465Z" hostname="MacBook-Pro.local" time="0.009">
  <properties/>
  <testcase name="testFindAvailablePort()" classname="stirling.software.common.util.UrlUtilsTest" time="0.005"/>
  <testcase name="testGetOriginWithNonStandardPort()" classname="stirling.software.common.util.UrlUtilsTest" time="0.001"/>
  <testcase name="testGetOriginWithHttps()" classname="stirling.software.common.util.UrlUtilsTest" time="0.0"/>
  <testcase name="testGetOriginWithIPv4Address()" classname="stirling.software.common.util.UrlUtilsTest" time="0.0"/>
  <testcase name="testFindAvailablePortWithSequentialUsedPorts()" classname="stirling.software.common.util.UrlUtilsTest" time="0.001"/>
  <testcase name="testGetOriginWithEmptyContextPath()" classname="stirling.software.common.util.UrlUtilsTest" time="0.0"/>
  <testcase name="testIsPortAvailableWithPrivilegedPorts()" classname="stirling.software.common.util.UrlUtilsTest" time="0.0"/>
  <testcase name="testGetOriginWithSpecialCharacters()" classname="stirling.software.common.util.UrlUtilsTest" time="0.0"/>
  <testcase name="testGetOrigin()" classname="stirling.software.common.util.UrlUtilsTest" time="0.001"/>
  <testcase name="testFindAvailablePortWithAvailableStartPort()" classname="stirling.software.common.util.UrlUtilsTest" time="0.0"/>
  <testcase name="testIsPortAvailable()" classname="stirling.software.common.util.UrlUtilsTest" time="0.0"/>
  <system-out><![CDATA[]]></system-out>
  <system-err><![CDATA[]]></system-err>
</testsuite>
