<?xml version="1.0" encoding="UTF-8"?>
<testsuite name="stirling.software.common.util.FileInfoTest" tests="7" skipped="0" failures="0" errors="0" timestamp="2025-07-10T21:18:53.310Z" hostname="MacBook-Pro.local" time="0.003">
  <properties/>
  <testcase name="1: fileSize=0" classname="stirling.software.common.util.FileInfoTest" time="0.001"/>
  <testcase name="2: fileSize=1023" classname="stirling.software.common.util.FileInfoTest" time="0.0"/>
  <testcase name="3: fileSize=1024" classname="stirling.software.common.util.FileInfoTest" time="0.0"/>
  <testcase name="4: fileSize=1048575" classname="stirling.software.common.util.FileInfoTest" time="0.0"/>
  <testcase name="5: fileSize=1048576" classname="stirling.software.common.util.FileInfoTest" time="0.0"/>
  <testcase name="6: fileSize=1073741823" classname="stirling.software.common.util.FileInfoTest" time="0.001"/>
  <testcase name="7: fileSize=1073741824" classname="stirling.software.common.util.FileInfoTest" time="0.0"/>
  <system-out><![CDATA[]]></system-out>
  <system-err><![CDATA[]]></system-err>
</testsuite>
