<?xml version="1.0" encoding="UTF-8"?>
<testsuite name="stirling.software.common.util.PropertyConfigsTest" tests="4" skipped="0" failures="0" errors="0" timestamp="2025-07-10T21:18:54.363Z" hostname="MacBook-Pro.local" time="0.001">
  <properties/>
  <testcase name="testGetStringValue_WithKey()" classname="stirling.software.common.util.PropertyConfigsTest" time="0.001"/>
  <testcase name="testGetBooleanValue_WithKeys()" classname="stirling.software.common.util.PropertyConfigsTest" time="0.0"/>
  <testcase name="testGetBooleanValue_WithKey()" classname="stirling.software.common.util.PropertyConfigsTest" time="0.0"/>
  <testcase name="testGetStringValue_WithKeys()" classname="stirling.software.common.util.PropertyConfigsTest" time="0.0"/>
  <system-out><![CDATA[]]></system-out>
  <system-err><![CDATA[]]></system-err>
</testsuite>
