<?xml version="1.0" encoding="UTF-8"?>
<testsuite name="stirling.software.common.util.FileToPdfTest" tests="5" skipped="0" failures="0" errors="0" timestamp="2025-07-10T21:18:53.359Z" hostname="MacBook-Pro.local" time="0.007">
  <properties/>
  <testcase name="testSanitizeZipFilename_NoChangeForSafeNames()" classname="stirling.software.common.util.FileToPdfTest" time="0.0"/>
  <testcase name="testConvertHtmlToPdf()" classname="stirling.software.common.util.FileToPdfTest" time="0.006"/>
  <testcase name="testSanitizeZipFilename_RemovesTraversalSequences()" classname="stirling.software.common.util.FileToPdfTest" time="0.001"/>
  <testcase name="testSanitizeZipFilename_RemovesLeadingDriveAndSlashes()" classname="stirling.software.common.util.FileToPdfTest" time="0.0"/>
  <testcase name="testSanitizeZipFilename_NullOrEmpty()" classname="stirling.software.common.util.FileToPdfTest" time="0.0"/>
  <system-out><![CDATA[14:18:53.363 [Test worker] INFO stirling.software.common.util.ProcessExecutor -- Running command: /path/ -e utf-8 -v --pdf-forms /var/folders/gb/1cfmwdw92j95zx7w1l0nkqq80000gp/T/test13422824250410480847.html /var/folders/gb/1cfmwdw92j95zx7w1l0nkqq80000gp/T/test14840492336414214480.pdf
]]></system-out>
  <system-err><![CDATA[]]></system-err>
</testsuite>
