<?xml version="1.0" encoding="UTF-8"?>
<testsuite name="stirling.software.common.util.ImageProcessingUtilsTest" tests="4" skipped="0" failures="0" errors="0" timestamp="2025-07-10T21:18:53.394Z" hostname="MacBook-Pro.local" time="0.774">
  <properties/>
  <testcase name="testConvertColorTypeInvalid()" classname="stirling.software.common.util.ImageProcessingUtilsTest" time="0.003"/>
  <testcase name="testConvertColorTypeToFullColor()" classname="stirling.software.common.util.ImageProcessingUtilsTest" time="0.001"/>
  <testcase name="testConvertColorTypeToGreyscale()" classname="stirling.software.common.util.ImageProcessingUtilsTest" time="0.768"/>
  <testcase name="testConvertColorTypeToBlackWhite()" classname="stirling.software.common.util.ImageProcessingUtilsTest" time="0.002"/>
  <system-out><![CDATA[]]></system-out>
  <system-err><![CDATA[]]></system-err>
</testsuite>
