<?xml version="1.0" encoding="UTF-8"?>
<testsuite name="stirling.software.common.util.UIScalingTest" tests="19" skipped="0" failures="0" errors="0" timestamp="2025-07-10T21:18:54.421Z" hostname="MacBook-Pro.local" time="0.043">
  <properties/>
  <testcase name="testGetWidthScaleFactor()" classname="stirling.software.common.util.UIScalingTest" time="0.025"/>
  <testcase name="testGetWidthScaleFactor_HD()" classname="stirling.software.common.util.UIScalingTest" time="0.0"/>
  <testcase name="testScaleHeight()" classname="stirling.software.common.util.UIScalingTest" time="0.0"/>
  <testcase name="testScaleInsets()" classname="stirling.software.common.util.UIScalingTest" time="0.0"/>
  <testcase name="testScaleHeight_SmallScreen()" classname="stirling.software.common.util.UIScalingTest" time="0.001"/>
  <testcase name="testScaleIcon_NullIcon()" classname="stirling.software.common.util.UIScalingTest" time="0.0"/>
  <testcase name="testScaleWidth_SmallScreen()" classname="stirling.software.common.util.UIScalingTest" time="0.0"/>
  <testcase name="testScaleFont()" classname="stirling.software.common.util.UIScalingTest" time="0.001"/>
  <testcase name="testScaleDimension()" classname="stirling.software.common.util.UIScalingTest" time="0.0"/>
  <testcase name="testScaleIcon_SquareImage()" classname="stirling.software.common.util.UIScalingTest" time="0.013"/>
  <testcase name="testScaleIcon_TallImage()" classname="stirling.software.common.util.UIScalingTest" time="0.0"/>
  <testcase name="testGetHeightScaleFactor()" classname="stirling.software.common.util.UIScalingTest" time="0.0"/>
  <testcase name="testScaleFont_DifferentWidthHeightScales()" classname="stirling.software.common.util.UIScalingTest" time="0.001"/>
  <testcase name="testGetHeightScaleFactor_SmallScreen()" classname="stirling.software.common.util.UIScalingTest" time="0.0"/>
  <testcase name="testGetHeightScaleFactor_HD()" classname="stirling.software.common.util.UIScalingTest" time="0.0"/>
  <testcase name="testScaleIcon_WideImage()" classname="stirling.software.common.util.UIScalingTest" time="0.001"/>
  <testcase name="testGetWidthScaleFactor_SmallScreen()" classname="stirling.software.common.util.UIScalingTest" time="0.0"/>
  <testcase name="testScaleFont_UnevenScales()" classname="stirling.software.common.util.UIScalingTest" time="0.0"/>
  <testcase name="testScaleWidth()" classname="stirling.software.common.util.UIScalingTest" time="0.0"/>
  <system-out><![CDATA[]]></system-out>
  <system-err><![CDATA[]]></system-err>
</testsuite>
