<?xml version="1.0" encoding="UTF-8"?>
<testsuite name="stirling.software.common.util.misc.ReplaceAndInvertColorStrategyTest" tests="3" skipped="0" failures="0" errors="0" timestamp="2025-07-10T21:18:56.254Z" hostname="MacBook-Pro.local" time="0.002">
  <properties/>
  <testcase name="testGettersAndSetters()" classname="stirling.software.common.util.misc.ReplaceAndInvertColorStrategyTest" time="0.002"/>
  <testcase name="testReplace()" classname="stirling.software.common.util.misc.ReplaceAndInvertColorStrategyTest" time="0.0"/>
  <testcase name="testConstructor()" classname="stirling.software.common.util.misc.ReplaceAndInvertColorStrategyTest" time="0.0"/>
  <system-out><![CDATA[]]></system-out>
  <system-err><![CDATA[]]></system-err>
</testsuite>
