<?xml version="1.0" encoding="UTF-8"?>
<testsuite name="Additional Correctness Tests" tests="9" skipped="0" failures="0" errors="0" timestamp="2025-07-10T21:18:53.254Z" hostname="MacBook-Pro.local" time="0.024">
  <properties/>
  <testcase name="Should handle non-standard but valid character sets like ISO-8859-1" classname="stirling.software.common.util.EmlToPdfTest$AdditionalCorrectnessTests" time="0.003"/>
  <testcase name="Should handle email with only an attachment and no body" classname="stirling.software.common.util.EmlToPdfTest$AdditionalCorrectnessTests" time="0.002"/>
  <testcase name="Should handle mixed inline and regular attachments" classname="stirling.software.common.util.EmlToPdfTest$AdditionalCorrectnessTests" time="0.003"/>
  <testcase name="Should handle .eml files as attachments" classname="stirling.software.common.util.EmlToPdfTest$AdditionalCorrectnessTests" time="0.002"/>
  <testcase name="[1] charset=windows-1252" classname="stirling.software.common.util.EmlToPdfTest$AdditionalCorrectnessTests" time="0.002"/>
  <testcase name="[2] charset=ISO-8859-2" classname="stirling.software.common.util.EmlToPdfTest$AdditionalCorrectnessTests" time="0.001"/>
  <testcase name="[3] charset=KOI8-R" classname="stirling.software.common.util.EmlToPdfTest$AdditionalCorrectnessTests" time="0.001"/>
  <testcase name="[4] charset=Shift_JIS" classname="stirling.software.common.util.EmlToPdfTest$AdditionalCorrectnessTests" time="0.004"/>
  <testcase name="Should handle emails with extremely long lines" classname="stirling.software.common.util.EmlToPdfTest$AdditionalCorrectnessTests" time="0.002"/>
  <system-out><![CDATA[]]></system-out>
  <system-err><![CDATA[]]></system-err>
</testsuite>
