<?xml version="1.0" encoding="UTF-8"?>
<testsuite name="stirling.software.common.service.ResourceMonitorTest" tests="11" skipped="0" failures="0" errors="0" timestamp="2025-07-10T21:18:52.829Z" hostname="MacBook-Pro.local" time="0.095">
  <properties/>
  <testcase name="shouldCalculateDynamicQueueCapacity()" classname="stirling.software.common.service.ResourceMonitorTest" time="0.08"/>
  <testcase name="resourceMetricsShouldDetectStaleState()" classname="stirling.software.common.service.ResourceMonitorTest" time="0.002"/>
  <testcase name="[1] weight=10, status=OK, shouldQueue=false" classname="stirling.software.common.service.ResourceMonitorTest" time="0.004"/>
  <testcase name="[2] weight=10, status=WARNING, shouldQueue=false" classname="stirling.software.common.service.ResourceMonitorTest" time="0.001"/>
  <testcase name="[3] weight=10, status=CRITICAL, shouldQueue=true" classname="stirling.software.common.service.ResourceMonitorTest" time="0.001"/>
  <testcase name="[4] weight=30, status=OK, shouldQueue=false" classname="stirling.software.common.service.ResourceMonitorTest" time="0.001"/>
  <testcase name="[5] weight=30, status=WARNING, shouldQueue=true" classname="stirling.software.common.service.ResourceMonitorTest" time="0.001"/>
  <testcase name="[6] weight=30, status=CRITICAL, shouldQueue=true" classname="stirling.software.common.service.ResourceMonitorTest" time="0.001"/>
  <testcase name="[7] weight=80, status=OK, shouldQueue=true" classname="stirling.software.common.service.ResourceMonitorTest" time="0.001"/>
  <testcase name="[8] weight=80, status=WARNING, shouldQueue=true" classname="stirling.software.common.service.ResourceMonitorTest" time="0.001"/>
  <testcase name="[9] weight=80, status=CRITICAL, shouldQueue=true" classname="stirling.software.common.service.ResourceMonitorTest" time="0.001"/>
  <system-out><![CDATA[]]></system-out>
  <system-err><![CDATA[]]></system-err>
</testsuite>
